{"C:\\Nyc\\orderProcessor.js":{"path":"C:\\Nyc\\orderProcessor.js","statementMap":{"0":{"start":{"line":3,"column":4},"end":{"line":5,"column":5}},"1":{"start":{"line":4,"column":8},"end":{"line":4,"column":31}},"2":{"start":{"line":7,"column":19},"end":{"line":7,"column":20}},"3":{"start":{"line":10,"column":4},"end":{"line":20,"column":5}},"4":{"start":{"line":11,"column":8},"end":{"line":11,"column":39}},"5":{"start":{"line":12,"column":11},"end":{"line":20,"column":5}},"6":{"start":{"line":13,"column":8},"end":{"line":13,"column":39}},"7":{"start":{"line":14,"column":11},"end":{"line":20,"column":5}},"8":{"start":{"line":16,"column":8},"end":{"line":16,"column":43}},"9":{"start":{"line":17,"column":8},"end":{"line":17,"column":23}},"10":{"start":{"line":19,"column":8},"end":{"line":19,"column":21}},"11":{"start":{"line":23,"column":23},"end":{"line":23,"column":46}},"12":{"start":{"line":26,"column":4},"end":{"line":28,"column":5}},"13":{"start":{"line":27,"column":8},"end":{"line":27,"column":38}},"14":{"start":{"line":31,"column":4},"end":{"line":33,"column":5}},"15":{"start":{"line":32,"column":8},"end":{"line":32,"column":26}},"16":{"start":{"line":36,"column":4},"end":{"line":36,"column":43}},"17":{"start":{"line":37,"column":4},"end":{"line":37,"column":25}},"18":{"start":{"line":40,"column":0},"end":{"line":40,"column":30}}},"fnMap":{"0":{"name":"processOrder","decl":{"start":{"line":1,"column":9},"end":{"line":1,"column":21}},"loc":{"start":{"line":1,"column":29},"end":{"line":38,"column":1}},"line":1}},"branchMap":{"0":{"loc":{"start":{"line":3,"column":4},"end":{"line":5,"column":5}},"type":"if","locations":[{"start":{"line":3,"column":4},"end":{"line":5,"column":5}},{"start":{},"end":{}}],"line":3},"1":{"loc":{"start":{"line":3,"column":8},"end":{"line":3,"column":51}},"type":"binary-expr","locations":[{"start":{"line":3,"column":8},"end":{"line":3,"column":14}},{"start":{"line":3,"column":18},"end":{"line":3,"column":31}},{"start":{"line":3,"column":35},"end":{"line":3,"column":51}}],"line":3},"2":{"loc":{"start":{"line":10,"column":4},"end":{"line":20,"column":5}},"type":"if","locations":[{"start":{"line":10,"column":4},"end":{"line":20,"column":5}},{"start":{"line":12,"column":11},"end":{"line":20,"column":5}}],"line":10},"3":{"loc":{"start":{"line":12,"column":11},"end":{"line":20,"column":5}},"type":"if","locations":[{"start":{"line":12,"column":11},"end":{"line":20,"column":5}},{"start":{"line":14,"column":11},"end":{"line":20,"column":5}}],"line":12},"4":{"loc":{"start":{"line":14,"column":11},"end":{"line":20,"column":5}},"type":"if","locations":[{"start":{"line":14,"column":11},"end":{"line":20,"column":5}},{"start":{"line":18,"column":11},"end":{"line":20,"column":5}}],"line":14},"5":{"loc":{"start":{"line":26,"column":4},"end":{"line":28,"column":5}},"type":"if","locations":[{"start":{"line":26,"column":4},"end":{"line":28,"column":5}},{"start":{},"end":{}}],"line":26},"6":{"loc":{"start":{"line":31,"column":4},"end":{"line":33,"column":5}},"type":"if","locations":[{"start":{"line":31,"column":4},"end":{"line":33,"column":5}},{"start":{},"end":{}}],"line":31}},"s":{"0":2,"1":0,"2":2,"3":2,"4":0,"5":2,"6":1,"7":1,"8":0,"9":0,"10":1,"11":2,"12":2,"13":0,"14":2,"15":2,"16":0,"17":0,"18":1},"f":{"0":2},"b":{"0":[0,2],"1":[2,2,2],"2":[0,2],"3":[1,1],"4":[0,1],"5":[0,2],"6":[2,0]},"_coverageSchema":"1a1c01bbd47fc00a2c39e90264f33305004495a9","hash":"10a8bc72abf3e5d53c38e1ea6a424f2657b753ac","contentHash":"6ed23fdeb89b54a7ffc2f06e5c80c6e3934286384832a691398cf3c57e7ae5d1"}}